<?xml version="1.0" encoding="UTF-8"?>
<testsuite xmlns:xsi="http://www.w3.org/2001/XMLSchema-instance" xsi:noNamespaceSchemaLocation="https://maven.apache.org/surefire/maven-surefire-plugin/xsd/surefire-test-report-3.0.xsd" version="3.0" name="com.example.ChatAppTest" time="3.33" tests="3" errors="0" skipped="0" failures="0">
  <properties>
[...]
</properties>
  <testcase name="testClientConnection" classname="com.example.ChatAppTest" time="1.073">
    <system-out><![CDATA[Server started on port 8808
]]></system-out>
    <system-err><![CDATA[java.io.EOFException
	at java.base/java.io.ObjectInputStream$PeekInputStream.readFully(ObjectInputStream.java:2813)
	at java.base/java.io.ObjectInputStream$BlockDataInputStream.readShort(ObjectInputStream.java:3310)
	at java.base/java.io.ObjectInputStream.readStreamHeader(ObjectInputStream.java:912)
	at java.base/java.io.ObjectInputStream.<init>(ObjectInputStream.java:386)
	at com.example.server.ChatServer$ClientHandler.run(ChatServer.java:80)
	at java.base/java.lang.Thread.run(Thread.java:1447)
java.io.EOFException
	at java.base/java.io.ObjectInputStream$BlockDataInputStream.peekByte(ObjectInputStream.java:3114)
	at java.base/java.io.ObjectInputStream.readObject0(ObjectInputStream.java:1604)
	at java.base/java.io.ObjectInputStream.readObject(ObjectInputStream.java:495)
	at java.base/java.io.ObjectInputStream.readObject(ObjectInputStream.java:453)
	at com.example.server.ChatServer$ClientHandler.run(ChatServer.java:82)
	at java.base/java.lang.Thread.run(Thread.java:1447)
]]></system-err>
  </testcase>
  <testcase name="testSendMessage" classname="com.example.ChatAppTest" time="1.211">
    <system-out><![CDATA[Server started on port 8808
]]></system-out>
    <system-err><![CDATA[java.io.EOFException
	at java.base/java.io.ObjectInputStream$BlockDataInputStream.peekByte(ObjectInputStream.java:3114)
	at java.base/java.io.ObjectInputStream.readObject0(ObjectInputStream.java:1604)
	at java.base/java.io.ObjectInputStream.readObject(ObjectInputStream.java:495)
	at java.base/java.io.ObjectInputStream.readObject(ObjectInputStream.java:453)
	at com.example.server.ChatServer$ClientHandler.run(ChatServer.java:82)
	at java.base/java.lang.Thread.run(Thread.java:1447)
]]></system-err>
  </testcase>
  <testcase name="testServerRunning" classname="com.example.ChatAppTest" time="1.005">
    <system-out><![CDATA[Server started on port 8808
]]></system-out>
    <system-err><![CDATA[java.net.SocketException: Socket closed
	at java.base/sun.nio.ch.NioSocketImpl.endRead(NioSocketImpl.java:242)
	at java.base/sun.nio.ch.NioSocketImpl.implRead(NioSocketImpl.java:322)
	at java.base/sun.nio.ch.NioSocketImpl.read(NioSocketImpl.java:345)
	at java.base/sun.nio.ch.NioSocketImpl$1.read(NioSocketImpl.java:790)
	at java.base/java.net.Socket$SocketInputStream.implRead(Socket.java:983)
]]></system-err>
  </testcase>
</testsuite>